Arguments: 
  /usr/local/bin/node /usr/local/Cellar/yarn/1.5.1_1/libexec/bin/yarn.js build

PATH: 
  /Library/Java/JavaVirtualMachines/jdk1.8.0_161.jdk/Contents/Home/bin:~/android-sdk/platform-tools:/Users/soroushchehresa/.bin:/usr/local/bin:/usr/bin:/bin:/usr/sbin:/sbin:/Applications/VMware Fusion.app/Contents/Public:/usr/local/go/bin:/Library/Apple/usr/bin:/Library/Frameworks/Mono.framework/Versions/Current/Commands:/Applications/Wireshark.app/Contents/MacOS:/Library/Java/JavaVirtualMachines/jdk1.8.0_161.jdk/Contents/Home/bin:~/android-sdk/platform-tools:/Users/soroushchehresa/.bin:/Users/soroushchehresa/android-sdk/platform-tools:/Users/soroushchehresa/android-sdk/platform-tools

Yarn version: 
  1.5.1

Node version: 
  14.17.6

Platform: 
  darwin x64

npm manifest: 
  {
    "name": "map-nearest-location",
    "version": "1.1.4",
    "description": "Find the nearest location and get distance from locations list without network request",
    "main": "./dist/index.js",
    "typings": "./index.d.ts",
    "scripts": {
      "test": "echo \"Error: no test specified\" && exit 1",
      "build": "babel src --presets babel-preset-es2015 --out-dir dist"
    },
    "keywords": [
      "map",
      "google",
      "nearest",
      "place",
      "location",
      "find",
      "nearby",
      "js",
      "javascript"
    ],
    "repository": {
      "type": "git",
      "url": "https://github.com/soroushchehresa/map-nearest-location"
    },
    "author": "Soroush Chehresa",
    "license": "MIT",
    "dependencies": {},
    "devDependencies": {
      "babel-cli": "^6.26.0",
      "babel-preset-es2015": "^6.24.1"
    }
  }

yarn manifest: 
  No manifest

Lockfile: 
  # THIS IS AN AUTOGENERATED FILE. DO NOT EDIT THIS FILE DIRECTLY.
  # yarn lockfile v1
  
  
  safe-buffer@^5.1.1:
    version "5.1.1"
    resolved "https://registry.yarnpkg.com/safe-buffer/-/safe-buffer-5.1.1.tgz#893312af69b2123def71f57889001671eeb2c853"

Trace: 
  Error: Command failed.
  Exit code: 127
  Command: sh
  Arguments: -c babel src --presets babel-preset-es2015 --out-dir dist
  Directory: /Users/soroushchehresa/Desktop/map-nearest-location
  Output:
  
      at ProcessTermError.MessageError (/usr/local/Cellar/yarn/1.5.1_1/libexec/lib/cli.js:186:110)
      at new ProcessTermError (/usr/local/Cellar/yarn/1.5.1_1/libexec/lib/cli.js:226:113)
      at ChildProcess.<anonymous> (/usr/local/Cellar/yarn/1.5.1_1/libexec/lib/cli.js:30281:17)
      at ChildProcess.emit (events.js:400:28)
      at maybeClose (internal/child_process.js:1055:16)
      at Process.ChildProcess._handle.onexit (internal/child_process.js:288:5)
